<?xml version="1.0" encoding="UTF-8"?>
<!-- Generated by org.testng.reporters.JUnitReportReporter -->
<testsuite skipped="0" hostname="LAPTOP-U3FEQR8F" name="com.testgooglesearch.app.GoogleSearch" tests="1" failures="0" timestamp="04 Jan 2019 06:23:13 GMT" time="7.205" errors="0">
  <testcase name="testGoogleSearch" time="7.205" classname="com.testgooglesearch.app.GoogleSearch"/>
</testsuite> <!-- com.testgooglesearch.app.GoogleSearch -->
