<?xml version="1.0" encoding="UTF-8"?>
<!-- Generated by org.testng.reporters.JUnitReportReporter -->
<testsuite skipped="0" hostname="LAPTOP-U3FEQR8F" name="com.testgooglesearch.app.AppTest" tests="1" failures="0" timestamp="04 Jan 2019 04:46:54 GMT" time="0.006" errors="0">
  <testcase name="shouldAnswerWithTrue" time="0.006" classname="com.testgooglesearch.app.AppTest"/>
</testsuite> <!-- com.testgooglesearch.app.AppTest -->
